#
# There is insufficient memory for the Java Runtime Environment to continue.
# Native memory allocation (mmap) failed to map 8589934592 bytes for Failed to commit area from 0x00000005c0000000 to 0x00000007c0000000 of length 8589934592.
# Possible reasons:
#   The system is out of physical RAM or swap space
#   In 32 bit mode, the process size limit was hit
# Possible solutions:
#   Reduce memory load on the system
#   Increase physical memory or swap space
#   Check if swap backing store is full
#   Use 64 bit Java on a 64 bit OS
#   Decrease Java heap size (-Xmx/-Xms)
#   Decrease number of Java threads
#   Decrease Java thread stack sizes (-Xss)
#   Set larger code cache with -XX:ReservedCodeCacheSize=
# This output file may be truncated or incomplete.
#
#  Out of Memory Error (os_windows.cpp:3332), pid=5660, tid=0x00000000000010bc
#
# JRE version:  (8.0_121-b13) (build )
# Java VM: Java HotSpot(TM) 64-Bit Server VM (25.121-b13 mixed mode windows-amd64 compressed oops)
# Failed to write core dump. Minidumps are not enabled by default on client versions of Windows
#

---------------  T H R E A D  ---------------

Current thread (0x000000000358e8f0):  JavaThread "Unknown thread" [_thread_in_vm, id=4284, stack(0x0000000003410000,0x0000000003510000)]

Stack: [0x0000000003410000,0x0000000003510000]
[error occurred during error reporting (printing stack bounds), id 0xc0000005]

Native frames: (J=compiled Java code, j=interpreted, Vv=VM code, C=native code)


---------------  P R O C E S S  ---------------

Java Threads: ( => current thread )

Other Threads:

=>0x000000000358e8f0 (exited) JavaThread "Unknown thread" [_thread_in_vm, id=4284, stack(0x0000000003410000,0x0000000003510000)]

VM state:not at safepoint (not fully initialized)

VM Mutex/Monitor currently owned by a thread:  ([mutex/lock_event])
[0x0000000003591ed0] Heap_lock - owner thread: 0x000000000358e8f0

GC Heap History (0 events):
No events

Deoptimization events (0 events):
No events

Internal exceptions (0 events):
No events

Events (0 events):
No events


Dynamic libraries:
0x00007ff641d90000 - 0x00007ff641dc7000 	D:\jdk1.8\bin\java.exe
0x00007ffb08ae0000 - 0x00007ffb08cb1000 	C:\Windows\SYSTEM32\ntdll.dll
0x00007ffb06860000 - 0x00007ffb0690c000 	C:\Windows\System32\KERNEL32.DLL
0x00007ffb05460000 - 0x00007ffb0567d000 	C:\Windows\System32\KERNELBASE.dll
0x00007ffb08000000 - 0x00007ffb080a2000 	C:\Windows\System32\ADVAPI32.dll
0x00007ffb06750000 - 0x00007ffb067ee000 	C:\Windows\System32\msvcrt.dll
0x00007ffb085a0000 - 0x00007ffb085f9000 	C:\Windows\System32\sechost.dll
0x00007ffb06620000 - 0x00007ffb06741000 	C:\Windows\System32\RPCRT4.dll
0x00007ffb06070000 - 0x00007ffb061d5000 	C:\Windows\System32\USER32.dll
0x00007ffb05680000 - 0x00007ffb0569e000 	C:\Windows\System32\win32u.dll
0x00007ffb08190000 - 0x00007ffb081c4000 	C:\Windows\System32\GDI32.dll
0x00007ffb05220000 - 0x00007ffb053a2000 	C:\Windows\System32\gdi32full.dll
0x00007ffafbb80000 - 0x00007ffafbdfa000 	C:\Windows\WinSxS\amd64_microsoft.windows.common-controls_6595b64144ccf1df_6.0.14393.953_none_42151e83c686086b\COMCTL32.dll
0x00007ffb061e0000 - 0x00007ffb064a8000 	C:\Windows\System32\combase.dll
0x00007ffb05120000 - 0x00007ffb05215000 	C:\Windows\System32\ucrtbase.dll
0x00007ffb05d80000 - 0x00007ffb05dea000 	C:\Windows\System32\bcryptPrimitives.dll
0x00007ffb08ab0000 - 0x00007ffb08ade000 	C:\Windows\System32\IMM32.DLL
0x000000007e110000 - 0x000000007e1e5000 	D:\cmder\vendor\conemu-maximus5\ConEmu\ConEmuHk64.dll
0x0000000069240000 - 0x0000000069312000 	D:\jdk1.8\jre\bin\msvcr100.dll
0x00000000689a0000 - 0x000000006923b000 	D:\jdk1.8\jre\bin\server\jvm.dll
0x00007ffb08a30000 - 0x00007ffb08a38000 	C:\Windows\System32\PSAPI.DLL
0x00007ffb033f0000 - 0x00007ffb033f9000 	C:\Windows\SYSTEM32\WSOCK32.dll
0x00007ffb033c0000 - 0x00007ffb033e3000 	C:\Windows\SYSTEM32\WINMM.dll
0x00007ffaf69b0000 - 0x00007ffaf69ba000 	C:\Windows\SYSTEM32\VERSION.dll
0x00007ffb08530000 - 0x00007ffb0859a000 	C:\Windows\System32\WS2_32.dll
0x00007ffb03360000 - 0x00007ffb0338b000 	C:\Windows\SYSTEM32\WINMMBASE.dll
0x00007ffb053b0000 - 0x00007ffb053f2000 	C:\Windows\System32\cfgmgr32.dll
0x0000000069410000 - 0x000000006941f000 	D:\jdk1.8\jre\bin\verify.dll
0x00000000693e0000 - 0x0000000069409000 	D:\jdk1.8\jre\bin\java.dll
0x00000000693c0000 - 0x00000000693d6000 	D:\jdk1.8\jre\bin\zip.dll

VM Arguments:
jvm_args: -Xms8g -Xmx8g -Xmn4g -XX:+UseG1GC -XX:G1HeapRegionSize=16m -XX:G1ReservePercent=25 -XX:InitiatingHeapOccupancyPercent=30 -XX:SoftRefLRUPolicyMSPerMB=0 -XX:SurvivorRatio=8 -XX:+DisableExplicitGC -verbose:gc -Xloggc:C:/Program Files/Git/dev/shm/mq_gc_%p.log -XX:+PrintGCDetails -XX:+PrintGCDateStamps -XX:+PrintGCApplicationStoppedTime -XX:+PrintAdaptiveSizePolicy -XX:+UseGCLogFileRotation -XX:NumberOfGCLogFiles=5 -XX:GCLogFileSize=30m -XX:-OmitStackTraceInFastThrow -XX:+AlwaysPreTouch -XX:MaxDirectMemorySize=15g -XX:-UseLargePages -XX:-UseBiasedLocking -Djava.ext.dirs=F:/OpenSource/RocketMQ-4.0.0/incubator-rocketmq/target/apache-rocketmq-all/bin/../lib 
java_command: org.apache.rocketmq.broker.BrokerStartup -c F:\OpenSource\RocketMQ-4.0.0\incubator-rocketmq\target\apache-rocketmq-all\conf\2m-2s-async\broker-a-s.properties
java_class_path (initial): .;F:\OpenSource\RocketMQ-4.0.0\incubator-rocketmq\target\apache-rocketmq-all\conf
Launcher Type: SUN_STANDARD

Environment Variables:
JAVA_HOME=D:\jdk1.8
CLASSPATH=.;F:\OpenSource\RocketMQ-4.0.0\incubator-rocketmq\target\apache-rocketmq-all\conf
PATH=D:\cmder\bin;D:\cmder\vendor\conemu-maximus5\ConEmu\Scripts;D:\cmder\vendor\conemu-maximus5;D:\cmder\vendor\conemu-maximus5\ConEmu;C:\Windows\system32;C:\Windows;C:\Windows\System32\Wbem;C:\Windows\System32\WindowsPowerShell\v1.0;C:\Program Files (x86)\NVIDIA Corporation\PhysX\Common;C:\Program Files (x86)\Common Files\microsoft shared\TigerKin;D:\jdk1.8\bin;D:\jdk1.8\jre\bin;C:\Program Files\Git\cmd;E:\Docker Toolbox;C:\Users\admin\AppData\Local\Microsoft\WindowsApps;D:\SSh;C:\Program Files\Git\usr\bin;C:\Program Files\Git\usr\share\vim\vim74;D:\cmder
USERNAME=admin
OS=Windows_NT
PROCESSOR_IDENTIFIER=Intel64 Family 6 Model 158 Stepping 9, GenuineIntel



---------------  S Y S T E M  ---------------

OS: Windows 10.0 , 64 bit Build 14393 (10.0.14393.1198)

CPU:total 4 (4 cores per cpu, 1 threads per core) family 6 model 158 stepping 9, cmov, cx8, fxsr, mmx, sse, sse2, sse3, ssse3, sse4.1, sse4.2, popcnt, avx, avx2, aes, clmul, erms, rtm, 3dnowpref, lzcnt, tsc, tscinvbit, bmi1, bmi2, adx

Memory: 4k page, physical 8278156k(4171312k free), swap 20677708k(896360k free)

vm_info: Java HotSpot(TM) 64-Bit Server VM (25.121-b13) for windows-amd64 JRE (1.8.0_121-b13), built on Dec 12 2016 18:21:36 by "java_re" with MS VC++ 10.0 (VS2010)

time: Fri May 19 17:27:40 2017
elapsed time: 0 seconds (0d 0h 0m 0s)

